<?xml version="1.0" encoding="UTF-8"?>
<testng-results skipped="0" failed="1" ignored="0" total="3" passed="2">
  <reporter-output>
  </reporter-output>
  <suite name="Suite" duration-ms="22879" started-at="2019-10-13T09:02:26Z" finished-at="2019-10-13T09:02:49Z">
    <groups>
    </groups>
    <test name="Test" duration-ms="22879" started-at="2019-10-13T09:02:26Z" finished-at="2019-10-13T09:02:49Z">
      <class name="com.model.MercuryTsTest">
        <test-method status="PASS" signature="openBrowser()[pri:0, instance:com.model.MercuryTsTest@4c203ea1]" name="openBrowser" is-config="true" duration-ms="4181" started-at="2019-10-13T09:02:21Z" finished-at="2019-10-13T09:02:26Z">
          <reporter-output>
          </reporter-output>
        </test-method> <!-- openBrowser -->
        <test-method status="PASS" signature="enterApplicationURL()[pri:0, instance:com.model.MercuryTsTest@4c203ea1]" name="enterApplicationURL" is-config="true" duration-ms="2150" started-at="2019-10-13T09:02:26Z" finished-at="2019-10-13T09:02:28Z">
          <reporter-output>
          </reporter-output>
        </test-method> <!-- enterApplicationURL -->
        <test-method status="PASS" signature="maximizeBrowser()[pri:0, instance:com.model.MercuryTsTest@4c203ea1]" name="maximizeBrowser" is-config="true" duration-ms="1171" started-at="2019-10-13T09:02:28Z" finished-at="2019-10-13T09:02:29Z">
          <reporter-output>
          </reporter-output>
        </test-method> <!-- maximizeBrowser -->
        <test-method status="PASS" signature="getAllCookies()[pri:0, instance:com.model.MercuryTsTest@4c203ea1]" name="getAllCookies" is-config="true" duration-ms="25" started-at="2019-10-13T09:02:29Z" finished-at="2019-10-13T09:02:29Z">
          <reporter-output>
          </reporter-output>
        </test-method> <!-- getAllCookies -->
        <test-method status="PASS" signature="loginwithValids1()[pri:1, instance:com.model.MercuryTsTest@4c203ea1]" name="loginwithValids1" duration-ms="6925" started-at="2019-10-13T09:02:29Z" description="Verify that valid user able to login into Mercury Tours application by using valid username and password" finished-at="2019-10-13T09:02:36Z">
          <reporter-output>
          </reporter-output>
        </test-method> <!-- loginwithValids1 -->
        <test-method status="PASS" signature="captureScreenshot()[pri:0, instance:com.model.MercuryTsTest@4c203ea1]" name="captureScreenshot" is-config="true" duration-ms="333" started-at="2019-10-13T09:02:36Z" finished-at="2019-10-13T09:02:36Z">
          <reporter-output>
          </reporter-output>
        </test-method> <!-- captureScreenshot -->
        <test-method status="PASS" signature="getAllCookies()[pri:0, instance:com.model.MercuryTsTest@4c203ea1]" name="getAllCookies" is-config="true" duration-ms="10" started-at="2019-10-13T09:02:36Z" finished-at="2019-10-13T09:02:36Z">
          <reporter-output>
          </reporter-output>
        </test-method> <!-- getAllCookies -->
        <test-method status="PASS" signature="loginwithValids2()[pri:2, instance:com.model.MercuryTsTest@4c203ea1]" name="loginwithValids2" duration-ms="5427" started-at="2019-10-13T09:02:36Z" description="Verify that valid user able to login into Mercury Tours application by using valid username and password" finished-at="2019-10-13T09:02:42Z">
          <reporter-output>
          </reporter-output>
        </test-method> <!-- loginwithValids2 -->
        <test-method status="PASS" signature="captureScreenshot()[pri:0, instance:com.model.MercuryTsTest@4c203ea1]" name="captureScreenshot" is-config="true" duration-ms="379" started-at="2019-10-13T09:02:42Z" finished-at="2019-10-13T09:02:42Z">
          <reporter-output>
          </reporter-output>
        </test-method> <!-- captureScreenshot -->
        <test-method status="PASS" signature="getAllCookies()[pri:0, instance:com.model.MercuryTsTest@4c203ea1]" name="getAllCookies" is-config="true" duration-ms="8" started-at="2019-10-13T09:02:42Z" finished-at="2019-10-13T09:02:42Z">
          <reporter-output>
          </reporter-output>
        </test-method> <!-- getAllCookies -->
        <test-method status="FAIL" signature="loginwithInValids()[pri:3, instance:com.model.MercuryTsTest@4c203ea1]" name="loginwithInValids" duration-ms="5964" started-at="2019-10-13T09:02:42Z" description="Verify that invalid user not able to login into Mercury Tours application by using invalid username and password" finished-at="2019-10-13T09:02:48Z">
          <exception class="org.openqa.selenium.NoSuchElementException">
            <message>
              <![CDATA[no such element: Unable to locate element: {"method":"xpath","selector":"//img[@src='/images/masts/mast_flightfinder.gif']"}
  (Session info: chrome=77.0.3865.90)
For documentation on this error, please visit: https://www.seleniumhq.org/exceptions/no_such_element.html
Build info: version: '3.141.59', revision: 'e82be7d358', time: '2018-11-14T08:17:03'
System info: host: 'DESKTOP-06OUV9F', ip: '192.168.0.100', os.name: 'Windows 10', os.arch: 'amd64', os.version: '10.0', java.version: '1.8.0_161'
Driver info: org.openqa.selenium.chrome.ChromeDriver
Capabilities {acceptInsecureCerts: false, browserName: chrome, browserVersion: 77.0.3865.90, chrome: {chromedriverVersion: 77.0.3865.40 (f484704e052e0..., userDataDir: C:\Users\SUVIDYA\AppData\Lo...}, goog:chromeOptions: {debuggerAddress: localhost:58772}, javascriptEnabled: true, networkConnectionEnabled: false, pageLoadStrategy: normal, platform: XP, platformName: XP, proxy: Proxy(), setWindowRect: true, strictFileInteractability: false, timeouts: {implicit: 0, pageLoad: 300000, script: 30000}, unhandledPromptBehavior: dismiss and notify}
Session ID: c4108c7662722565304b22af90d1adbe
*** Element info: {Using=xpath, value=//img[@src='/images/masts/mast_flightfinder.gif']}]]>
            </message>
            <full-stacktrace>
              <![CDATA[org.openqa.selenium.NoSuchElementException: no such element: Unable to locate element: {"method":"xpath","selector":"//img[@src='/images/masts/mast_flightfinder.gif']"}
  (Session info: chrome=77.0.3865.90)
For documentation on this error, please visit: https://www.seleniumhq.org/exceptions/no_such_element.html
Build info: version: '3.141.59', revision: 'e82be7d358', time: '2018-11-14T08:17:03'
System info: host: 'DESKTOP-06OUV9F', ip: '192.168.0.100', os.name: 'Windows 10', os.arch: 'amd64', os.version: '10.0', java.version: '1.8.0_161'
Driver info: org.openqa.selenium.chrome.ChromeDriver
Capabilities {acceptInsecureCerts: false, browserName: chrome, browserVersion: 77.0.3865.90, chrome: {chromedriverVersion: 77.0.3865.40 (f484704e052e0..., userDataDir: C:\Users\SUVIDYA\AppData\Lo...}, goog:chromeOptions: {debuggerAddress: localhost:58772}, javascriptEnabled: true, networkConnectionEnabled: false, pageLoadStrategy: normal, platform: XP, platformName: XP, proxy: Proxy(), setWindowRect: true, strictFileInteractability: false, timeouts: {implicit: 0, pageLoad: 300000, script: 30000}, unhandledPromptBehavior: dismiss and notify}
Session ID: c4108c7662722565304b22af90d1adbe
*** Element info: {Using=xpath, value=//img[@src='/images/masts/mast_flightfinder.gif']}
at sun.reflect.NativeConstructorAccessorImpl.newInstance0(Native Method)
at sun.reflect.NativeConstructorAccessorImpl.newInstance(NativeConstructorAccessorImpl.java:62)
at sun.reflect.DelegatingConstructorAccessorImpl.newInstance(DelegatingConstructorAccessorImpl.java:45)
at java.lang.reflect.Constructor.newInstance(Constructor.java:423)
at org.openqa.selenium.remote.http.W3CHttpResponseCodec.createException(W3CHttpResponseCodec.java:187)
at org.openqa.selenium.remote.http.W3CHttpResponseCodec.decode(W3CHttpResponseCodec.java:122)
at org.openqa.selenium.remote.http.W3CHttpResponseCodec.decode(W3CHttpResponseCodec.java:49)
at org.openqa.selenium.remote.HttpCommandExecutor.execute(HttpCommandExecutor.java:158)
at org.openqa.selenium.remote.service.DriverCommandExecutor.execute(DriverCommandExecutor.java:83)
at org.openqa.selenium.remote.RemoteWebDriver.execute(RemoteWebDriver.java:552)
at org.openqa.selenium.remote.RemoteWebDriver.findElement(RemoteWebDriver.java:323)
at org.openqa.selenium.remote.RemoteWebDriver.findElementByXPath(RemoteWebDriver.java:428)
at org.openqa.selenium.By$ByXPath.findElement(By.java:353)
at org.openqa.selenium.remote.RemoteWebDriver.findElement(RemoteWebDriver.java:315)
at com.model.MercuryTsTest.loginwithInValids(MercuryTsTest.java:76)
at sun.reflect.NativeMethodAccessorImpl.invoke0(Native Method)
at sun.reflect.NativeMethodAccessorImpl.invoke(NativeMethodAccessorImpl.java:62)
at sun.reflect.DelegatingMethodAccessorImpl.invoke(DelegatingMethodAccessorImpl.java:43)
at java.lang.reflect.Method.invoke(Method.java:498)
at org.testng.internal.MethodInvocationHelper.invokeMethod(MethodInvocationHelper.java:124)
at org.testng.internal.Invoker.invokeMethod(Invoker.java:583)
at org.testng.internal.Invoker.invokeTestMethod(Invoker.java:719)
at org.testng.internal.Invoker.invokeTestMethods(Invoker.java:989)
at org.testng.internal.TestMethodWorker.invokeTestMethods(TestMethodWorker.java:125)
at org.testng.internal.TestMethodWorker.run(TestMethodWorker.java:109)
at org.testng.TestRunner.privateRun(TestRunner.java:648)
at org.testng.TestRunner.run(TestRunner.java:505)
at org.testng.SuiteRunner.runTest(SuiteRunner.java:455)
at org.testng.SuiteRunner.runSequentially(SuiteRunner.java:450)
at org.testng.SuiteRunner.privateRun(SuiteRunner.java:415)
at org.testng.SuiteRunner.run(SuiteRunner.java:364)
at org.testng.SuiteRunnerWorker.runSuite(SuiteRunnerWorker.java:52)
at org.testng.SuiteRunnerWorker.run(SuiteRunnerWorker.java:84)
at org.testng.TestNG.runSuitesSequentially(TestNG.java:1208)
at org.testng.TestNG.runSuitesLocally(TestNG.java:1137)
at org.testng.TestNG.runSuites(TestNG.java:1049)
at org.testng.TestNG.run(TestNG.java:1017)
at org.apache.maven.surefire.testng.TestNGExecutor.run(TestNGExecutor.java:295)
at org.apache.maven.surefire.testng.TestNGXmlTestSuite.execute(TestNGXmlTestSuite.java:84)
at org.apache.maven.surefire.testng.TestNGProvider.invoke(TestNGProvider.java:90)
at org.apache.maven.surefire.booter.ForkedBooter.invokeProviderInSameClassLoader(ForkedBooter.java:203)
at org.apache.maven.surefire.booter.ForkedBooter.runSuitesInProcess(ForkedBooter.java:155)
at org.apache.maven.surefire.booter.ForkedBooter.main(ForkedBooter.java:103)
]]>
            </full-stacktrace>
          </exception> <!-- org.openqa.selenium.NoSuchElementException -->
          <reporter-output>
          </reporter-output>
        </test-method> <!-- loginwithInValids -->
        <test-method status="PASS" signature="captureScreenshot()[pri:0, instance:com.model.MercuryTsTest@4c203ea1]" name="captureScreenshot" is-config="true" duration-ms="406" started-at="2019-10-13T09:02:48Z" finished-at="2019-10-13T09:02:49Z">
          <reporter-output>
          </reporter-output>
        </test-method> <!-- captureScreenshot -->
        <test-method status="PASS" signature="deleteAllCookies()[pri:0, instance:com.model.MercuryTsTest@4c203ea1]" name="deleteAllCookies" is-config="true" duration-ms="33" started-at="2019-10-13T09:02:49Z" finished-at="2019-10-13T09:02:49Z">
          <reporter-output>
          </reporter-output>
        </test-method> <!-- deleteAllCookies -->
        <test-method status="PASS" signature="dbConnectionClosed()[pri:0, instance:com.model.MercuryTsTest@4c203ea1]" name="dbConnectionClosed" is-config="true" duration-ms="1" started-at="2019-10-13T09:02:49Z" finished-at="2019-10-13T09:02:49Z">
          <reporter-output>
          </reporter-output>
        </test-method> <!-- dbConnectionClosed -->
        <test-method status="PASS" signature="closeBrowser()[pri:0, instance:com.model.MercuryTsTest@4c203ea1]" name="closeBrowser" is-config="true" duration-ms="106" started-at="2019-10-13T09:02:49Z" finished-at="2019-10-13T09:02:49Z">
          <reporter-output>
          </reporter-output>
        </test-method> <!-- closeBrowser -->
      </class> <!-- com.model.MercuryTsTest -->
    </test> <!-- Test -->
  </suite> <!-- Suite -->
</testng-results>
